<?xml version="1.0" encoding="UTF-8"?>
<!-- Generated by org.testng.reporters.JUnitReportReporter -->
<testsuite hostname="LAPTOP-3BCU5B9N" failures="0" tests="1" name="buddy.customerModule2" time="0.007" errors="0" timestamp="2023-07-06T12:22:46 IST" skipped="0">
  <testcase classname="buddy.customerModule2" name="CreateCustomer" time="0.007"/>
  <system-out>
    <![CDATA[pombala pombala]]>
  </system-out>
</testsuite> <!-- buddy.customerModule2 -->
