<?xml version="1.0" encoding="UTF-8"?>
<!-- Generated by org.testng.reporters.JUnitReportReporter -->
<testsuite hostname="LAPTOP-3BCU5B9N" failures="0" tests="3" name="buddy.customerModule" time="0.012" errors="0" timestamp="2023-07-06T12:02:31 IST" skipped="0">
  <testcase classname="buddy.customerModule" name="createCustomer" time="0.010"/>
  <system-out>
    <![CDATA[create customer]]>
  </system-out>
  <testcase classname="buddy.customerModule" name="modifyCustomer" time="0.001"/>
  <system-out>
    <![CDATA[modify customer]]>
  </system-out>
  <testcase classname="buddy.customerModule" name="deleteCustomer" time="0.001"/>
  <system-out>
    <![CDATA[delete customer]]>
  </system-out>
</testsuite> <!-- buddy.customerModule -->
