<?xml version="1.0" encoding="UTF-8"?>
<!-- Generated by org.testng.reporters.JUnitReportReporter -->
<testsuite hostname="LAPTOP-3BCU5B9N" failures="0" tests="1" name="com.demoactive.testscript.DemoScreen" time="4.824" errors="0" timestamp="2023-07-13T12:45:33 IST" skipped="0">
  <testcase classname="com.demoactive.testscript.DemoScreen" name="Demo" time="4.824"/>
  <system-out/>
</testsuite> <!-- com.demoactive.testscript.DemoScreen -->
