<?xml version="1.0" encoding="UTF-8"?>
<!-- Generated by org.testng.reporters.JUnitReportReporter -->
<testsuite hostname="LAPTOP-3BCU5B9N" failures="0" tests="5" name="com.demoactive.testscript.Reports" time="0.011" errors="0" timestamp="2023-07-06T17:36:05 IST" skipped="0">
  <testcase classname="com.demoactive.testscript.Reports" name="demotest" time="0.008"/>
  <system-out>
    <![CDATA[Weclome to testng]]>
  </system-out>
  <testcase classname="com.demoactive.testscript.Reports" name="taskaasigin" time="0.001"/>
  <system-out>
    <![CDATA[Weclome to testng]]>
  </system-out>
  <testcase classname="com.demoactive.testscript.Reports" name="taskaasigin" time="0.001"/>
  <system-out>
    <![CDATA[Weclome to testng]]>
  </system-out>
  <testcase classname="com.demoactive.testscript.Reports" name="taskaasigin" time="0.000"/>
  <system-out>
    <![CDATA[Weclome to testng]]>
  </system-out>
  <testcase classname="com.demoactive.testscript.Reports" name="lastuser" time="0.001"/>
  <system-out>
    <![CDATA[last user]]>
  </system-out>
</testsuite> <!-- com.demoactive.testscript.Reports -->
