<?xml version="1.0" encoding="UTF-8"?>
<!-- Generated by org.testng.reporters.JUnitReportReporter -->
<testsuite hostname="LAPTOP-3BCU5B9N" failures="0" tests="2" name="com.demoactive.testscript.DataTesting" time="20.423" errors="0" timestamp="2023-07-11T09:41:01 IST" skipped="0">
  <testcase classname="com.demoactive.testscript.DataTesting" name="createcustomer" time="0.007"/>
  <system-out>
    <![CDATA[create table to customer ]]>
  </system-out>
  <testcase classname="com.demoactive.testscript.DataTesting" name="login" time="20.416"/>
  <system-out>
    <![CDATA[login page Display ]]>
  </system-out>
</testsuite> <!-- com.demoactive.testscript.DataTesting -->
