<?xml version="1.0" encoding="UTF-8"?>
<!-- Generated by org.testng.reporters.JUnitReportReporter -->
<testsuite hostname="LAPTOP-3BCU5B9N" failures="0" tests="1" name="com.demoactive.testscript.Repoterss" time="29.540" errors="0" timestamp="2023-07-08T10:09:35 IST" skipped="0">
  <testcase classname="com.demoactive.testscript.Repoterss" name="Data" time="29.540"/>
  <system-out/>
</testsuite> <!-- com.demoactive.testscript.Repoterss -->
